<?xml version="1.0" encoding="UTF-8"?>
<!-- Generated by org.testng.reporters.JUnitReportReporter -->
<testsuite name="tests.AddBookToCartTest" tests="1" time="0.925" ignored="0" failures="0" timestamp="16 Jul 2018 17:55:48 GMT" skipped="0" hostname="INbsantosh" errors="0">
  <testcase name="verifyCheckout" time="0.925" classname="tests.AddBookToCartTest"/>
</testsuite> <!-- tests.AddBookToCartTest -->
